<?xml version="1.0" encoding="UTF-8"?>
<!-- Generated by org.testng.reporters.JUnitReportReporter -->
<testsuite skipped="0" hostname="JKTLAPBLR333" name="com.auto.script.Practice" tests="1" failures="0" timestamp="2020-05-11T09:27:07 IST" time="8.754" errors="0">
  <testcase name="Demo" time="8.754" classname="com.auto.script.Practice"/>
</testsuite> <!-- com.auto.script.Practice -->
