<?xml version="1.0" encoding="UTF-8"?>
<!-- Generated by org.testng.reporters.JUnitReportReporter -->
<testsuite skipped="0" hostname="JKTLAPBLR333" name="com.auto.script.Practice" tests="1" failures="0" timestamp="2020-05-26T13:13:38 IST" time="6.130" errors="0">
  <testcase name="Demo" time="6.130" classname="com.auto.script.Practice"/>
</testsuite> <!-- com.auto.script.Practice -->
